\BOOKMARK [1][-]{section.1}{\376\377\000A\000r\000t\000i\000f\000i\000c\000i\000a\000l\000\040\000N\000e\000u\000r\000a\000l\000\040\000N\000e\000t\000w\000o\000r\000k}{}% 1
\BOOKMARK [2][-]{subsection.1.1}{\376\377\000D\000e\000f\000i\000n\000i\000t\000i\000o\000n}{section.1}% 2
\BOOKMARK [2][-]{subsection.1.2}{\376\377\000T\000y\000p\000e}{section.1}% 3
\BOOKMARK [1][-]{section.2}{\376\377\000M\000u\000l\000t\000i\000l\000a\000y\000e\000r\000\040\000P\000e\000r\000c\000e\000p\000t\000r\000o\000n\000\040\000\050\000M\000L\000P\000\051\000\040\131\032\134\102\141\037\167\345\126\150}{}% 4
\BOOKMARK [2][-]{subsection.2.1}{\376\377\000P\000e\000r\000c\000e\000p\000t\000r\000o\000n}{section.2}% 5
\BOOKMARK [2][-]{subsection.2.2}{\376\377\000M\000u\000l\000t\000i\000l\000a\000y\000e\000r\000\040\000P\000e\000r\000c\000e\000p\000t\000r\000o\000n}{section.2}% 6
\BOOKMARK [2][-]{subsection.2.3}{\376\377\000P\000r\000o\000b\000l\000e\000m}{section.2}% 7
\BOOKMARK [1][-]{section.3}{\376\377\000C\000o\000n\000v\000o\000l\000u\000t\000i\000o\000n\000a\000l\000\040\000N\000e\000u\000r\000a\000l\000\040\000N\000e\000t\000w\000o\000r\000k\000\040\000\050\000C\000N\000N\000\051\000\040\123\167\171\357\171\136\176\317\177\121\176\334}{}% 8
\BOOKMARK [2][-]{subsection.3.1}{\376\377\000C\000o\000n\000v\000o\000l\000u\000t\000i\000o\000n\000\040\123\167\171\357\000\040\000r\000e\000c\000a\000p\000\040}{section.3}% 9
\BOOKMARK [2][-]{subsection.3.2}{\376\377\000M\000o\000t\000i\000v\000a\000t\000i\000o\000n}{section.3}% 10
\BOOKMARK [2][-]{subsection.3.3}{\376\377\000S\000t\000r\000i\000d\000e\000\040\153\145\225\177}{section.3}% 11
\BOOKMARK [2][-]{subsection.3.4}{\376\377\000P\000a\000d\000d\000i\000n\000g\000\040\130\153\166\175}{section.3}% 12
\BOOKMARK [2][-]{subsection.3.5}{\376\377\000P\000o\000o\000l\000i\000n\000g\000\040\154\140\123\026}{section.3}% 13
\BOOKMARK [1][-]{section.4}{\376\377\000C\000N\000N\000\040\000L\000a\000y\000e\000r\000s}{}% 14
\BOOKMARK [2][-]{subsection.4.1}{\376\377\000C\000o\000n\000v\000o\000l\000u\000t\000i\000o\000n\000a\000l\000\040\000L\000a\000y\000e\000r\000\040\123\167\171\357\134\102}{section.4}% 15
\BOOKMARK [2][-]{subsection.4.2}{\376\377\000P\000o\000o\000l\000i\000n\000g\000\040\000L\000a\000y\000e\000r\000\040\154\140\123\026\134\102}{section.4}% 16
\BOOKMARK [2][-]{subsection.4.3}{\376\377\000F\000u\000l\000l\000y\000-\000C\000o\000n\000n\000e\000c\000t\000e\000d\000\040\000L\000a\000y\000e\000r\000\040\121\150\217\336\143\245\134\102}{section.4}% 17
\BOOKMARK [2][-]{subsection.4.4}{\376\377\000V\000i\000s\000u\000a\000l\000i\000z\000a\000t\000i\000o\000n}{section.4}% 18
\BOOKMARK [1][-]{section.5}{\376\377\000S\000e\000p\000a\000r\000a\000b\000l\000e\000\040\000C\000o\000n\000v\000o\000l\000u\000t\000i\000o\000n\000s}{}% 19
\BOOKMARK [2][-]{subsection.5.1}{\376\377\000S\000p\000a\000t\000i\000a\000l\000\040\000S\000e\000p\000a\000r\000a\000b\000l\000e\000\040\000C\000o\000n\000v\000o\000l\000u\000t\000i\000o\000n\000s}{section.5}% 20
\BOOKMARK [2][-]{subsection.5.2}{\376\377\000D\000e\000p\000t\000h\000w\000i\000s\000e\000\040\000S\000e\000p\000e\000r\000a\000b\000l\000e\000\040\000C\000o\000n\000v\000o\000l\000u\000t\000i\000o\000n\000s}{section.5}% 21
\BOOKMARK [1][-]{section.6}{\376\377\000T\000r\000a\000i\000n\000\040\000C\000N\000N\000\040\213\255\176\303\152\041\127\213}{}% 22
\BOOKMARK [2][-]{subsection.6.1}{\376\377\000G\000r\000a\000d\000i\000e\000n\000t\000\040\000D\000e\000s\000c\000e\000n\000t\000\040\150\257\136\246\116\013\226\115}{section.6}% 23
\BOOKMARK [1][-]{section.7}{\376\377\000C\000N\000N\000\040\000V\000i\000s\000u\000a\000l\000i\000z\000a\000t\000i\000o\000n\000\040\000\050\143\250\203\120\000\051}{}% 24
